<?xml version="1.0" encoding="UTF-8"?>
<!-- Generated by org.testng.reporters.JUnitXMLReporter -->
<testsuite hostname="LAPTOP-N0G0NBDP" ignored="0" name="Default test" tests="12" failures="0" timestamp="30 May 2020 01:02:29 GMT" time="32.001" errors="0">
  <testcase name="wikipagedata" time="1.597" classname="com.qa.testNGScripts.TestDataExcel"/>
  <testcase name="wikipagedata" time="1.707" classname="com.qa.testNGScripts.TestDataExcel"/>
  <testcase name="wikipagedata" time="1.76" classname="com.qa.testNGScripts.TestDataExcel"/>
  <testcase name="wikipagedata" time="1.743" classname="com.qa.testNGScripts.TestDataExcel"/>
  <testcase name="wikipagedata" time="1.609" classname="com.qa.testNGScripts.TestDataExcel"/>
  <testcase name="wikipagedata" time="1.869" classname="com.qa.testNGScripts.TestDataExcel"/>
  <testcase name="wikipagedata" time="1.619" classname="com.qa.testNGScripts.TestDataExcel"/>
  <testcase name="wikipagedata" time="1.593" classname="com.qa.testNGScripts.TestDataExcel"/>
  <testcase name="wikipagedata" time="1.826" classname="com.qa.testNGScripts.TestDataExcel"/>
  <testcase name="wikipagedata" time="1.772" classname="com.qa.testNGScripts.TestDataExcel"/>
  <testcase name="wikipagedata" time="1.865" classname="com.qa.testNGScripts.TestDataExcel"/>
  <testcase name="wikipagedata" time="1.717" classname="com.qa.testNGScripts.TestDataExcel"/>
</testsuite> <!-- Default test -->
