<?xml version="1.0" encoding="UTF-8"?>
<!-- Generated by org.testng.reporters.JUnitXMLReporter -->
<testsuite hostname="LAPTOP-N0G0NBDP" ignored="0" name="Default test" tests="3" failures="0" timestamp="03 Jun 2020 05:40:56 GMT" time="12.89" errors="0">
  <testcase name="wikipagedata" time="1.029" classname="com.qa.testNGScripts.DatDrivenTestPOI"/>
  <testcase name="wikipagedata" time="0.741" classname="com.qa.testNGScripts.DatDrivenTestPOI"/>
  <testcase name="wikipagedata" time="0.671" classname="com.qa.testNGScripts.DatDrivenTestPOI"/>
</testsuite> <!-- Default test -->
