<?xml version="1.0" encoding="UTF-8"?>
<!-- Generated by org.testng.reporters.JUnitXMLReporter -->
<testsuite hostname="LAPTOP-N0G0NBDP" ignored="0" name="TestNGScripts" tests="5" failures="0" timestamp="28 May 2020 00:46:24 GMT" time="304.927" errors="0">
  <testcase name="createCust" time="0.01" classname="com.qa.testNGScripts.AnnotationsTestNG"/>
  <testcase name="login" time="283.541" classname="com.qa.testNGScripts.TestNGScript1"/>
  <testcase name="searchCust" time="0.004" classname="com.qa.testNGScripts.AnnotationsTestNG"/>
  <testcase name="itenryCustomer" time="1.079" classname="com.qa.testNGScripts.TestNGScript1"/>
  <testcase name="deleteCust" time="0.002" classname="com.qa.testNGScripts.AnnotationsTestNG"/>
</testsuite> <!-- TestNGScripts -->
