<?xml version="1.0" encoding="UTF-8"?>
<!-- Generated by org.testng.reporters.JUnitXMLReporter -->
<testsuite hostname="LAPTOP-N0G0NBDP" ignored="0" name="TestNGScripts" tests="5" failures="0" timestamp="28 May 2020 00:57:51 GMT" time="45.011" errors="0">
  <testcase name="createCust" time="0.001" classname="com.qa.testNGScripts.AnnotationsTestNG"/>
  <testcase name="login" time="21.823" classname="com.qa.testNGScripts.TestNGScript1"/>
  <testcase name="searchCust" time="0.0" classname="com.qa.testNGScripts.AnnotationsTestNG"/>
  <testcase name="itenryCustomer" time="0.741" classname="com.qa.testNGScripts.TestNGScript1"/>
  <testcase name="deleteCust" time="0.0" classname="com.qa.testNGScripts.AnnotationsTestNG"/>
</testsuite> <!-- TestNGScripts -->
