<?xml version="1.0" encoding="UTF-8"?>
<!-- Generated by org.testng.reporters.JUnitXMLReporter -->
<testsuite hostname="LAPTOP-N0G0NBDP" ignored="0" name="TestNGScripts" tests="3" failures="0" timestamp="03 Jun 2020 00:52:18 GMT" time="0.28" errors="0">
  <testcase name="createCust" time="0.004" classname="com.qa.testNGScripts.AnnotationsTestNG"/>
  <testcase name="searchCust" time="0.0" classname="com.qa.testNGScripts.AnnotationsTestNG"/>
  <testcase name="deleteCust" time="0.0" classname="com.qa.testNGScripts.AnnotationsTestNG"/>
</testsuite> <!-- TestNGScripts -->
