<?xml version="1.0" encoding="UTF-8"?>
<testng-results skipped="0" failed="0" ignored="0" total="3" passed="3">
  <reporter-output>
  </reporter-output>
  <suite name="Default suite" duration-ms="13495" started-at="2020-06-02T23:47:01Z" finished-at="2020-06-02T23:47:15Z">
    <groups>
    </groups>
    <test name="Default test" duration-ms="13495" started-at="2020-06-02T23:47:01Z" finished-at="2020-06-02T23:47:15Z">
      <class name="com.qa.testNGScripts.DatDrivenTestPOI">
        <test-method status="PASS" signature="startbrowser()[pri:0, instance:com.qa.testNGScripts.DatDrivenTestPOI@3f4d3d]" name="startbrowser" is-config="true" duration-ms="10026" started-at="2020-06-02T23:47:01Z" finished-at="2020-06-02T23:47:11Z">
          <reporter-output>
          </reporter-output>
        </test-method> <!-- startbrowser -->
        <test-method status="PASS" signature="wikipagedata(java.lang.String, java.lang.String, java.lang.String, java.lang.String)[pri:0, instance:com.qa.testNGScripts.DatDrivenTestPOI@3f4d3d]" name="wikipagedata" duration-ms="932" started-at="2020-06-02T23:47:12Z" data-provider="testdataxlsx" finished-at="2020-06-02T23:47:13Z">
          <params>
            <param index="0">
              <value>
                <![CDATA[us1]]>
              </value>
            </param>
            <param index="1">
              <value>
                <![CDATA[ps1]]>
              </value>
            </param>
            <param index="2">
              <value>
                <![CDATA[password123]]>
              </value>
            </param>
            <param index="3">
              <value>
                <![CDATA[Username1@gmail.com]]>
              </value>
            </param>
          </params>
          <reporter-output>
          </reporter-output>
        </test-method> <!-- wikipagedata -->
        <test-method status="PASS" signature="wikipagedata(java.lang.String, java.lang.String, java.lang.String, java.lang.String)[pri:0, instance:com.qa.testNGScripts.DatDrivenTestPOI@3f4d3d]" name="wikipagedata" duration-ms="749" started-at="2020-06-02T23:47:13Z" data-provider="testdataxlsx" finished-at="2020-06-02T23:47:14Z">
          <params>
            <param index="0">
              <value>
                <![CDATA[Username2]]>
              </value>
            </param>
            <param index="1">
              <value>
                <![CDATA[pas@123]]>
              </value>
            </param>
            <param index="2">
              <value>
                <![CDATA[passward@123]]>
              </value>
            </param>
            <param index="3">
              <value>
                <![CDATA[Username2@gmail.com]]>
              </value>
            </param>
          </params>
          <reporter-output>
          </reporter-output>
        </test-method> <!-- wikipagedata -->
        <test-method status="PASS" signature="wikipagedata(java.lang.String, java.lang.String, java.lang.String, java.lang.String)[pri:0, instance:com.qa.testNGScripts.DatDrivenTestPOI@3f4d3d]" name="wikipagedata" duration-ms="748" started-at="2020-06-02T23:47:14Z" data-provider="testdataxlsx" finished-at="2020-06-02T23:47:15Z">
          <params>
            <param index="0">
              <value>
                <![CDATA[Username3]]>
              </value>
            </param>
            <param index="1">
              <value>
                <![CDATA[pas@123]]>
              </value>
            </param>
            <param index="2">
              <value>
                <![CDATA[password@456]]>
              </value>
            </param>
            <param index="3">
              <value>
                <![CDATA[Username3@gmail.com]]>
              </value>
            </param>
          </params>
          <reporter-output>
          </reporter-output>
        </test-method> <!-- wikipagedata -->
      </class> <!-- com.qa.testNGScripts.DatDrivenTestPOI -->
    </test> <!-- Default test -->
  </suite> <!-- Default suite -->
</testng-results>
